This is pdfTeX, Version 3.1415926-1.40.10 (TeX Live 2009/Debian) (format=pdflatex 2014.9.24)  27 MAR 2015 18:51
entering extended mode
 %&-line parsing enabled.
**midterm_yifan.tex
(./midterm_yifan.tex
LaTeX2e <2009/09/24>
Babel <v3.8l> and hyphenation patterns for english, usenglishmax, dumylang, noh
yphenation, loaded.
(/usr/share/texmf/tex/latex/beamer/base/beamer.cls
(/usr/share/texmf/tex/latex/beamer/base/beamerbasercs.sty
Package: beamerbasercs 2010/06/12 (rcs-revision c3821710bb40)
)
Document Class: beamer 2010/06/21 development version 3.10 A class for typesett
ing presentations (rcs-revision a6b1a8434d30)
(/usr/share/texmf/tex/latex/beamer/base/beamerbasemodes.sty
Package: beamerbasemodes 2010/05/01 (rcs-revision efa082c6111d)
\beamer@tempbox=\box26
\beamer@tempcount=\count79
\c@beamerpauses=\count80

(/usr/share/texmf/tex/latex/beamer/base/beamerbasedecode.sty
Package: beamerbasedecode 2010/05/01 (rcs-revision efa082c6111d)
\beamer@slideinframe=\count81
\beamer@minimum=\count82
)
\beamer@commentbox=\box27
\beamer@modecount=\count83
)
\headheight=\dimen102
\headdp=\dimen103
\footheight=\dimen104
\sidebarheight=\dimen105
\beamer@tempdim=\dimen106
\beamer@finalheight=\dimen107
\beamer@animht=\dimen108
\beamer@animdp=\dimen109
\beamer@animwd=\dimen110
\beamer@leftmargin=\dimen111
\beamer@rightmargin=\dimen112
\beamer@leftsidebar=\dimen113
\beamer@rightsidebar=\dimen114
\beamer@boxsize=\dimen115
\beamer@vboxoffset=\dimen116
\beamer@descdefault=\dimen117
\beamer@descriptionwidth=\dimen118
\beamer@lastskip=\skip41
\beamer@areabox=\box28
\beamer@animcurrent=\box29
\beamer@animshowbox=\box30
\beamer@sectionbox=\box31
\beamer@logobox=\box32
\beamer@linebox=\box33
\beamer@sectioncount=\count84
\beamer@subsubsectionmax=\count85
\beamer@subsectionmax=\count86
\beamer@sectionmax=\count87
\beamer@totalheads=\count88
\beamer@headcounter=\count89
\beamer@partstartpage=\count90
\beamer@sectionstartpage=\count91
\beamer@subsectionstartpage=\count92
\beamer@animationtempa=\count93
\beamer@animationtempb=\count94
\beamer@xpos=\count95
\beamer@ypos=\count96
\beamer@showpartnumber=\count97
\beamer@currentsubsection=\count98
\beamer@coveringdepth=\count99
\beamer@sectionadjust=\count100
\beamer@tocsectionnumber=\count101

(/usr/share/texmf/tex/latex/beamer/base/beamerbaseoptions.sty
Package: beamerbaseoptions 2010/04/27 (rcs-revision 982469101dd6)

(/usr/share/texmf-texlive/tex/latex/graphics/keyval.sty
Package: keyval 1999/03/16 v1.13 key=value parser (DPC)
\KV@toks@=\toks14
))
\beamer@paperwidth=\skip42
\beamer@paperheight=\skip43

(/usr/share/texmf-texlive/tex/latex/geometry/geometry.sty
Package: geometry 2008/12/21 v4.2 Page Geometry

(/usr/share/texmf-texlive/tex/generic/oberdiek/ifpdf.sty
Package: ifpdf 2009/04/10 v2.0 Provides the ifpdf switch (HO)
Package ifpdf Info: pdfTeX in pdf mode detected.
)
(/usr/share/texmf-texlive/tex/generic/oberdiek/ifvtex.sty
Package: ifvtex 2008/11/04 v1.4 Switches for detecting VTeX and its modes (HO)
Package ifvtex Info: VTeX not detected.
)
\Gm@cnth=\count102
\Gm@cntv=\count103
\c@Gm@tempcnt=\count104
\Gm@bindingoffset=\dimen119
\Gm@wd@mp=\dimen120
\Gm@odd@mp=\dimen121
\Gm@even@mp=\dimen122
\Gm@dimlist=\toks15
)
(/usr/share/texmf-texlive/tex/latex/base/size11.clo
File: size11.clo 2007/10/19 v1.4h Standard LaTeX file (size option)
)
(/usr/share/texmf/tex/latex/pgf/basiclayer/pgfcore.sty
(/usr/share/texmf-texlive/tex/latex/graphics/graphicx.sty
Package: graphicx 1999/02/16 v1.0f Enhanced LaTeX Graphics (DPC,SPQR)

(/usr/share/texmf-texlive/tex/latex/graphics/graphics.sty
Package: graphics 2009/02/05 v1.0o Standard LaTeX Graphics (DPC,SPQR)

(/usr/share/texmf-texlive/tex/latex/graphics/trig.sty
Package: trig 1999/03/16 v1.09 sin cos tan (DPC)
)
(/etc/texmf/tex/latex/config/graphics.cfg
File: graphics.cfg 2009/08/28 v1.8 graphics configuration of TeX Live
)
Package graphics Info: Driver file: pdftex.def on input line 91.

(/usr/share/texmf-texlive/tex/latex/pdftex-def/pdftex.def
File: pdftex.def 2010/03/12 v0.04p Graphics/color for pdfTeX
\Gread@gobject=\count105
))
\Gin@req@height=\dimen123
\Gin@req@width=\dimen124
)
(/usr/share/texmf/tex/latex/pgf/systemlayer/pgfsys.sty
(/usr/share/texmf/tex/latex/pgf/utilities/pgfrcs.sty
(/usr/share/texmf/tex/generic/pgf/utilities/pgfutil-common.tex
\pgfutil@everybye=\toks16
)
(/usr/share/texmf/tex/generic/pgf/utilities/pgfutil-latex.def
\pgfutil@abb=\box34

(/usr/share/texmf-texlive/tex/latex/ms/everyshi.sty
Package: everyshi 2001/05/15 v3.00 EveryShipout Package (MS)
))
(/usr/share/texmf/tex/generic/pgf/utilities/pgfrcs.code.tex
Package: pgfrcs 2010/10/25 v2.10 (rcs-revision 1.24)
))
(/usr/share/texmf/tex/generic/pgf/systemlayer/pgfsys.code.tex
Package: pgfsys 2010/06/30 v2.10 (rcs-revision 1.37)

(/usr/share/texmf/tex/generic/pgf/utilities/pgfkeys.code.tex
\pgfkeys@pathtoks=\toks17
\pgfkeys@temptoks=\toks18

(/usr/share/texmf/tex/generic/pgf/utilities/pgfkeysfiltered.code.tex
\pgfkeys@tmptoks=\toks19
))
\pgf@x=\dimen125
\pgf@y=\dimen126
\pgf@xa=\dimen127
\pgf@ya=\dimen128
\pgf@xb=\dimen129
\pgf@yb=\dimen130
\pgf@xc=\dimen131
\pgf@yc=\dimen132
\w@pgf@writea=\write3
\r@pgf@reada=\read1
\c@pgf@counta=\count106
\c@pgf@countb=\count107
\c@pgf@countc=\count108
\c@pgf@countd=\count109

(/usr/share/texmf/tex/generic/pgf/systemlayer/pgf.cfg
File: pgf.cfg 2008/05/14  (rcs-revision 1.7)
)
Package pgfsys Info: Driver file for pgf: pgfsys-pdftex.def on input line 900.

(/usr/share/texmf/tex/generic/pgf/systemlayer/pgfsys-pdftex.def
File: pgfsys-pdftex.def 2009/05/22  (rcs-revision 1.26)

(/usr/share/texmf/tex/generic/pgf/systemlayer/pgfsys-common-pdf.def
File: pgfsys-common-pdf.def 2008/05/19  (rcs-revision 1.10)
)))
(/usr/share/texmf/tex/generic/pgf/systemlayer/pgfsyssoftpath.code.tex
File: pgfsyssoftpath.code.tex 2008/07/18  (rcs-revision 1.7)
\pgfsyssoftpath@smallbuffer@items=\count110
\pgfsyssoftpath@bigbuffer@items=\count111
)
(/usr/share/texmf/tex/generic/pgf/systemlayer/pgfsysprotocol.code.tex
File: pgfsysprotocol.code.tex 2006/10/16  (rcs-revision 1.4)
))
(/usr/share/texmf/tex/latex/xcolor/xcolor.sty
Package: xcolor 2007/01/21 v2.11 LaTeX color extensions (UK)

(/etc/texmf/tex/latex/config/color.cfg
File: color.cfg 2007/01/18 v1.5 color configuration of teTeX/TeXLive
)
Package xcolor Info: Driver file: pdftex.def on input line 225.
Package xcolor Info: Model `cmy' substituted by `cmy0' on input line 1337.
Package xcolor Info: Model `hsb' substituted by `rgb' on input line 1341.
Package xcolor Info: Model `RGB' extended on input line 1353.
Package xcolor Info: Model `HTML' substituted by `rgb' on input line 1355.
Package xcolor Info: Model `Hsb' substituted by `hsb' on input line 1356.
Package xcolor Info: Model `tHsb' substituted by `hsb' on input line 1357.
Package xcolor Info: Model `HSB' substituted by `hsb' on input line 1358.
Package xcolor Info: Model `Gray' substituted by `gray' on input line 1359.
Package xcolor Info: Model `wave' substituted by `hsb' on input line 1360.
)
(/usr/share/texmf/tex/generic/pgf/basiclayer/pgfcore.code.tex
Package: pgfcore 2010/04/11 v2.10 (rcs-revision 1.7)

(/usr/share/texmf/tex/generic/pgf/math/pgfmath.code.tex
(/usr/share/texmf/tex/generic/pgf/math/pgfmathcalc.code.tex
(/usr/share/texmf/tex/generic/pgf/math/pgfmathutil.code.tex)
(/usr/share/texmf/tex/generic/pgf/math/pgfmathparser.code.tex
\pgfmath@dimen=\dimen133
\pgfmath@count=\count112
\pgfmath@box=\box35
\pgfmath@toks=\toks20
\pgfmath@stack@operand=\toks21
\pgfmath@stack@operation=\toks22
)
(/usr/share/texmf/tex/generic/pgf/math/pgfmathfunctions.code.tex
(/usr/share/texmf/tex/generic/pgf/math/pgfmathfunctions.basic.code.tex)
(/usr/share/texmf/tex/generic/pgf/math/pgfmathfunctions.trigonometric.code.tex)
(/usr/share/texmf/tex/generic/pgf/math/pgfmathfunctions.random.code.tex)
(/usr/share/texmf/tex/generic/pgf/math/pgfmathfunctions.comparison.code.tex)
(/usr/share/texmf/tex/generic/pgf/math/pgfmathfunctions.base.code.tex)
(/usr/share/texmf/tex/generic/pgf/math/pgfmathfunctions.round.code.tex)
(/usr/share/texmf/tex/generic/pgf/math/pgfmathfunctions.misc.code.tex)))
(/usr/share/texmf/tex/generic/pgf/math/pgfmathfloat.code.tex
\c@pgfmathroundto@lastzeros=\count113
))
(/usr/share/texmf/tex/generic/pgf/basiclayer/pgfcorepoints.code.tex
File: pgfcorepoints.code.tex 2010/04/09  (rcs-revision 1.20)
\pgf@picminx=\dimen134
\pgf@picmaxx=\dimen135
\pgf@picminy=\dimen136
\pgf@picmaxy=\dimen137
\pgf@pathminx=\dimen138
\pgf@pathmaxx=\dimen139
\pgf@pathminy=\dimen140
\pgf@pathmaxy=\dimen141
\pgf@xx=\dimen142
\pgf@xy=\dimen143
\pgf@yx=\dimen144
\pgf@yy=\dimen145
\pgf@zx=\dimen146
\pgf@zy=\dimen147
)
(/usr/share/texmf/tex/generic/pgf/basiclayer/pgfcorepathconstruct.code.tex
File: pgfcorepathconstruct.code.tex 2010/08/03  (rcs-revision 1.24)
\pgf@path@lastx=\dimen148
\pgf@path@lasty=\dimen149
)
(/usr/share/texmf/tex/generic/pgf/basiclayer/pgfcorepathusage.code.tex
File: pgfcorepathusage.code.tex 2008/04/22  (rcs-revision 1.12)
\pgf@shorten@end@additional=\dimen150
\pgf@shorten@start@additional=\dimen151
)
(/usr/share/texmf/tex/generic/pgf/basiclayer/pgfcorescopes.code.tex
File: pgfcorescopes.code.tex 2010/09/08  (rcs-revision 1.34)
\pgfpic=\box36
\pgf@hbox=\box37
\pgf@layerbox@main=\box38
\pgf@picture@serial@count=\count114
)
(/usr/share/texmf/tex/generic/pgf/basiclayer/pgfcoregraphicstate.code.tex
File: pgfcoregraphicstate.code.tex 2008/04/22  (rcs-revision 1.9)
\pgflinewidth=\dimen152
)
(/usr/share/texmf/tex/generic/pgf/basiclayer/pgfcoretransformations.code.tex
File: pgfcoretransformations.code.tex 2009/06/10  (rcs-revision 1.11)
\pgf@pt@x=\dimen153
\pgf@pt@y=\dimen154
\pgf@pt@temp=\dimen155
)
(/usr/share/texmf/tex/generic/pgf/basiclayer/pgfcorequick.code.tex
File: pgfcorequick.code.tex 2008/10/09  (rcs-revision 1.3)
)
(/usr/share/texmf/tex/generic/pgf/basiclayer/pgfcoreobjects.code.tex
File: pgfcoreobjects.code.tex 2006/10/11  (rcs-revision 1.2)
)
(/usr/share/texmf/tex/generic/pgf/basiclayer/pgfcorepathprocessing.code.tex
File: pgfcorepathprocessing.code.tex 2008/10/09  (rcs-revision 1.8)
)
(/usr/share/texmf/tex/generic/pgf/basiclayer/pgfcorearrows.code.tex
File: pgfcorearrows.code.tex 2008/04/23  (rcs-revision 1.11)
)
(/usr/share/texmf/tex/generic/pgf/basiclayer/pgfcoreshade.code.tex
File: pgfcoreshade.code.tex 2008/11/23  (rcs-revision 1.13)
\pgf@max=\dimen156
\pgf@sys@shading@range@num=\count115
)
(/usr/share/texmf/tex/generic/pgf/basiclayer/pgfcoreimage.code.tex
File: pgfcoreimage.code.tex 2010/03/25  (rcs-revision 1.16)

(/usr/share/texmf/tex/generic/pgf/basiclayer/pgfcoreexternal.code.tex
File: pgfcoreexternal.code.tex 2010/09/01  (rcs-revision 1.17)
\pgfexternal@startupbox=\box39
))
(/usr/share/texmf/tex/generic/pgf/basiclayer/pgfcorelayers.code.tex
File: pgfcorelayers.code.tex 2010/08/27  (rcs-revision 1.2)
)
(/usr/share/texmf/tex/generic/pgf/basiclayer/pgfcoretransparency.code.tex
File: pgfcoretransparency.code.tex 2008/01/17  (rcs-revision 1.2)
)
(/usr/share/texmf/tex/generic/pgf/basiclayer/pgfcorepatterns.code.tex
File: pgfcorepatterns.code.tex 2009/07/02  (rcs-revision 1.3)
)))
(/usr/share/texmf/tex/latex/pgf/utilities/xxcolor.sty
Package: xxcolor 2003/10/24 ver 0.1
\XC@nummixins=\count116
\XC@countmixins=\count117
)
(/usr/share/texmf-texlive/tex/latex/hyperref/hyperref.sty
Package: hyperref 2009/10/09 v6.79a Hypertext links for LaTeX

(/usr/share/texmf-texlive/tex/generic/ifxetex/ifxetex.sty
Package: ifxetex 2009/01/23 v0.5 Provides ifxetex conditional
)
(/usr/share/texmf-texlive/tex/latex/oberdiek/hycolor.sty
Package: hycolor 2009/10/02 v1.5 Code for color options of hyperref/bookmark (H
O)

(/usr/share/texmf-texlive/tex/latex/oberdiek/xcolor-patch.sty
Package: xcolor-patch 2009/10/02 xcolor patch
))
\@linkdim=\dimen157
\Hy@linkcounter=\count118
\Hy@pagecounter=\count119

(/usr/share/texmf-texlive/tex/latex/hyperref/pd1enc.def
File: pd1enc.def 2009/10/09 v6.79a Hyperref: PDFDocEncoding definition (HO)
)
(/usr/share/texmf-texlive/tex/generic/oberdiek/etexcmds.sty
Package: etexcmds 2007/12/12 v1.2 Prefix for e-TeX command names (HO)

(/usr/share/texmf-texlive/tex/generic/oberdiek/infwarerr.sty
Package: infwarerr 2007/09/09 v1.2 Providing info/warning/message (HO)
)
Package etexcmds Info: Could not find \expanded.
(etexcmds)             That can mean that you are not using pdfTeX 1.50 or
(etexcmds)             that some package has redefined \expanded.
(etexcmds)             In the latter case, load this package earlier.
)
(/usr/share/texmf-texlive/tex/latex/latexconfig/hyperref.cfg
File: hyperref.cfg 2002/06/06 v1.2 hyperref configuration of TeXLive
)
(/usr/share/texmf-texlive/tex/latex/oberdiek/kvoptions.sty
Package: kvoptions 2009/08/13 v3.4 Keyval support for LaTeX options (HO)

(/usr/share/texmf-texlive/tex/generic/oberdiek/kvsetkeys.sty
Package: kvsetkeys 2009/07/30 v1.5 Key value parser with default handler suppor
t (HO)
))
Package hyperref Info: Option `bookmarks' set `true' on input line 2864.
Package hyperref Info: Option `bookmarksopen' set `true' on input line 2864.
Package hyperref Info: Option `implicit' set `false' on input line 2864.
Package hyperref Info: Hyper figures OFF on input line 2975.
Package hyperref Info: Link nesting OFF on input line 2980.
Package hyperref Info: Hyper index ON on input line 2983.
Package hyperref Info: Plain pages OFF on input line 2990.
Package hyperref Info: Backreferencing OFF on input line 2995.

Implicit mode OFF; no redefinition of LaTeX internals
Package hyperref Info: Bookmarks ON on input line 3191.
(/usr/share/texmf-texlive/tex/latex/ltxmisc/url.sty
\Urlmuskip=\muskip10
Package: url 2006/04/12  ver 3.3  Verb mode for urls, etc.
)
LaTeX Info: Redefining \url on input line 3428.

(/usr/share/texmf-texlive/tex/generic/oberdiek/bitset.sty
Package: bitset 2007/09/28 v1.0 Data type bit set (HO)

(/usr/share/texmf-texlive/tex/generic/oberdiek/intcalc.sty
Package: intcalc 2007/09/27 v1.1 Expandable integer calculations (HO)
)
(/usr/share/texmf-texlive/tex/generic/oberdiek/bigintcalc.sty
Package: bigintcalc 2007/11/11 v1.1 Expandable big integer calculations (HO)

(/usr/share/texmf-texlive/tex/generic/oberdiek/pdftexcmds.sty
Package: pdftexcmds 2009/09/23 v0.6 LuaTeX support for pdfTeX utility functions
 (HO)

(/usr/share/texmf-texlive/tex/generic/oberdiek/ifluatex.sty
Package: ifluatex 2009/04/17 v1.2 Provides the ifluatex switch (HO)
Package ifluatex Info: LuaTeX not detected.
)
(/usr/share/texmf-texlive/tex/generic/oberdiek/ltxcmds.sty
Package: ltxcmds 2009/08/05 v1.0 Some LaTeX kernel commands for general use (HO
)
)
Package pdftexcmds Info: LuaTeX not detected.
Package pdftexcmds Info: \pdf@primitive is available.
Package pdftexcmds Info: \pdf@ifprimitive is available.
)))
\Fld@menulength=\count120
\Field@Width=\dimen158
\Fld@charsize=\dimen159
\Field@toks=\toks23
Package hyperref Info: Hyper figures OFF on input line 4377.
Package hyperref Info: Link nesting OFF on input line 4382.
Package hyperref Info: Hyper index ON on input line 4385.
Package hyperref Info: backreferencing OFF on input line 4392.
Package hyperref Info: Link coloring OFF on input line 4397.
Package hyperref Info: Link coloring with OCG OFF on input line 4402.
Package hyperref Info: PDF/A mode OFF on input line 4407.

(/usr/share/texmf-texlive/tex/generic/oberdiek/atbegshi.sty
Package: atbegshi 2008/07/31 v1.9 At begin shipout hook (HO)
)
\Hy@abspage=\count121

Hyperref stopped early
)
*hyperref using default driver hpdftex*
(/usr/share/texmf-texlive/tex/latex/hyperref/hpdftex.def
File: hpdftex.def 2009/10/09 v6.79a Hyperref driver for pdfTeX
\Fld@listcount=\count122
)
(/usr/share/texmf/tex/latex/beamer/base/beamerbaserequires.sty
Package: beamerbaserequires 2010/05/01  (rcs-revision efa082c6111d)

(/usr/share/texmf/tex/latex/beamer/base/beamerbasecompatibility.sty
Package: beamerbasecompatibility 2010/07/12  (rcs-revision 6648c3177e4e)
)
(/usr/share/texmf/tex/latex/beamer/base/beamerbasefont.sty
Package: beamerbasefont 2010/05/10  (rcs-revision cd36e8a33c6b)

(/usr/share/texmf-texlive/tex/latex/amsfonts/amssymb.sty
Package: amssymb 2009/06/22 v3.00

(/usr/share/texmf-texlive/tex/latex/amsfonts/amsfonts.sty
Package: amsfonts 2009/06/22 v3.00 Basic AMSFonts support
\@emptytoks=\toks24
\symAMSa=\mathgroup4
\symAMSb=\mathgroup5
LaTeX Font Info:    Overwriting math alphabet `\mathfrak' in version `bold'
(Font)                  U/euf/m/n --> U/euf/b/n on input line 96.
)))
(/usr/share/texmf/tex/latex/beamer/base/beamerbasetranslator.sty
Package: beamerbasetranslator 2010/06/11  (rcs-revision 85fd1cc7fc42)

(/usr/share/texmf/tex/latex/beamer/base/translator/translator.sty
Package: translator 2010/06/12 ver 1.10

(/usr/share/texmf/tex/latex/beamer/base/translator/translator-language-mappings
.tex))) (/usr/share/texmf/tex/latex/beamer/base/beamerbasemisc.sty
Package: beamerbasemisc 2010/06/06  (rcs-revision bff0a9294b45)
)
(/usr/share/texmf/tex/latex/beamer/base/beamerbasetwoscreens.sty
Package: beamerbasetwoscreens 2010/05/01  (rcs-revision efa082c6111d)
)
(/usr/share/texmf/tex/latex/beamer/base/beamerbaseoverlay.sty
Package: beamerbaseoverlay 2010/05/07  (rcs-revision 5584dad462a9)
\beamer@argscount=\count123
\beamer@lastskipcover=\skip44
\beamer@trivlistdepth=\count124
)
(/usr/share/texmf/tex/latex/beamer/base/beamerbasetitle.sty
Package: beamerbasetitle 2010/06/12  (rcs-revision 717e481ca47a)
)
(/usr/share/texmf/tex/latex/beamer/base/beamerbasesection.sty
Package: beamerbasesection 2010/06/17  (rcs-revision e0d9401bb743)
\c@lecture=\count125
\c@part=\count126
\c@section=\count127
\c@subsection=\count128
\c@subsubsection=\count129
)
(/usr/share/texmf/tex/latex/beamer/base/beamerbaseframe.sty
Package: beamerbaseframe 2010/06/06  (rcs-revision bff0a9294b45)
\beamer@framebox=\box40
\beamer@frametitlebox=\box41
\beamer@zoombox=\box42
\beamer@zoomcount=\count130
\beamer@zoomframecount=\count131
\beamer@frametextheight=\dimen160
\c@subsectionslide=\count132
\beamer@frametopskip=\skip45
\beamer@framebottomskip=\skip46
\beamer@frametopskipautobreak=\skip47
\beamer@framebottomskipautobreak=\skip48
\beamer@envbody=\toks25
\c@framenumber=\count133
)
(/usr/share/texmf/tex/latex/beamer/base/beamerbaseverbatim.sty
Package: beamerbaseverbatim 2010/05/01  (rcs-revision efa082c6111d)
\beamer@verbatimfileout=\write4
)
(/usr/share/texmf/tex/latex/beamer/base/beamerbaseframesize.sty
Package: beamerbaseframesize 2010/06/27  (rcs-revision 6baa2d92e6f1)
\beamer@splitbox=\box43
\beamer@autobreakcount=\count134
\beamer@autobreaklastheight=\dimen161
\beamer@frametitletoks=\toks26
\beamer@framesubtitletoks=\toks27
)
(/usr/share/texmf/tex/latex/beamer/base/beamerbaseframecomponents.sty
Package: beamerbaseframecomponents 2010/07/12  (rcs-revision 09e82992d9b1)
\beamer@footins=\box44
)
(/usr/share/texmf/tex/latex/beamer/base/beamerbasecolor.sty
Package: beamerbasecolor 2010/06/06  (rcs-revision d1a9b48be06d)
)
(/usr/share/texmf/tex/latex/beamer/base/beamerbasenotes.sty
Package: beamerbasenotes 2010/05/01  (rcs-revision efa082c6111d)
\beamer@frameboxcopy=\box45
)
(/usr/share/texmf/tex/latex/beamer/base/beamerbasetoc.sty
Package: beamerbasetoc 2010/06/11  (rcs-revision 242ecaa6783b)
)
(/usr/share/texmf/tex/latex/beamer/base/beamerbasetemplates.sty
Package: beamerbasetemplates 2010/05/01  (rcs-revision efa082c6111d)
\beamer@sbttoks=\toks28

(/usr/share/texmf/tex/latex/beamer/base/beamerbaseauxtemplates.sty
Package: beamerbaseauxtemplates 2010/05/01  (rcs-revision efa082c6111d)

(/usr/share/texmf/tex/latex/beamer/base/beamerbaseboxes.sty
Package: beamerbaseboxes 2010/05/01  (rcs-revision efa082c6111d)
\bmb@box=\box46
\bmb@colorbox=\box47
\bmb@boxshadow=\box48
\bmb@boxshadowball=\box49
\bmb@boxshadowballlarge=\box50
\bmb@temp=\dimen162
\bmb@dima=\dimen163
\bmb@dimb=\dimen164
\bmb@prevheight=\dimen165
)
\beamer@blockheadheight=\dimen166
))
(/usr/share/texmf/tex/latex/beamer/base/beamerbaselocalstructure.sty
Package: beamerbaselocalstructure 2010/06/01  (rcs-revision 81f9e33f7cc2)

(/usr/share/texmf-texlive/tex/latex/tools/enumerate.sty
Package: enumerate 1999/03/05 v3.00 enumerate extensions (DPC)
\@enLab=\toks29
)
\c@figure=\count135
\c@table=\count136
\abovecaptionskip=\skip49
\belowcaptionskip=\skip50
)
(/usr/share/texmf/tex/latex/beamer/base/beamerbasenavigation.sty
Package: beamerbasenavigation 2010/05/01  (rcs-revision efa082c6111d)
)
(/usr/share/texmf/tex/latex/beamer/base/beamerbasetheorems.sty
Package: beamerbasetheorems 2010/06/06  (rcs-revision 7e7cc5e53e9d)

(/usr/share/texmf-texlive/tex/latex/amsmath/amsmath.sty
Package: amsmath 2000/07/18 v2.13 AMS math features
\@mathmargin=\skip51

For additional information on amsmath, use the `?' option.
(/usr/share/texmf-texlive/tex/latex/amsmath/amstext.sty
Package: amstext 2000/06/29 v2.01

(/usr/share/texmf-texlive/tex/latex/amsmath/amsgen.sty
File: amsgen.sty 1999/11/30 v2.0
\@emptytoks=\toks30
\ex@=\dimen167
))
(/usr/share/texmf-texlive/tex/latex/amsmath/amsbsy.sty
Package: amsbsy 1999/11/29 v1.2d
\pmbraise@=\dimen168
)
(/usr/share/texmf-texlive/tex/latex/amsmath/amsopn.sty
Package: amsopn 1999/12/14 v2.01 operator names
)
\inf@bad=\count137
LaTeX Info: Redefining \frac on input line 211.
\uproot@=\count138
\leftroot@=\count139
LaTeX Info: Redefining \overline on input line 307.
\classnum@=\count140
\DOTSCASE@=\count141
LaTeX Info: Redefining \ldots on input line 379.
LaTeX Info: Redefining \dots on input line 382.
LaTeX Info: Redefining \cdots on input line 467.
\Mathstrutbox@=\box51
\strutbox@=\box52
\big@size=\dimen169
LaTeX Font Info:    Redeclaring font encoding OML on input line 567.
LaTeX Font Info:    Redeclaring font encoding OMS on input line 568.
\macc@depth=\count142
\c@MaxMatrixCols=\count143
\dotsspace@=\muskip11
\c@parentequation=\count144
\dspbrk@lvl=\count145
\tag@help=\toks31
\row@=\count146
\column@=\count147
\maxfields@=\count148
\andhelp@=\toks32
\eqnshift@=\dimen170
\alignsep@=\dimen171
\tagshift@=\dimen172
\tagwidth@=\dimen173
\totwidth@=\dimen174
\lineht@=\dimen175
\@envbody=\toks33
\multlinegap=\skip52
\multlinetaggap=\skip53
\mathdisplay@stack=\toks34
LaTeX Info: Redefining \[ on input line 2666.
LaTeX Info: Redefining \] on input line 2667.
)
(/usr/share/texmf-texlive/tex/latex/amscls/amsthm.sty
Package: amsthm 2004/08/06 v2.20
\thm@style=\toks35
\thm@bodyfont=\toks36
\thm@headfont=\toks37
\thm@notefont=\toks38
\thm@headpunct=\toks39
\thm@preskip=\skip54
\thm@postskip=\skip55
\thm@headsep=\skip56
\dth@everypar=\toks40
)
\c@theorem=\count149
)
(/usr/share/texmf/tex/latex/beamer/base/beamerbasethemes.sty
Package: beamerbasethemes 2010/05/01  (rcs-revision efa082c6111d)
))
(/usr/share/texmf/tex/latex/beamer/base/themes/theme/beamerthemedefault.sty
Package: beamerthemedefault 2010/06/17  (rcs-revision d02a7cf4d8ae)

(/usr/share/texmf/tex/latex/beamer/base/themes/font/beamerfontthemedefault.sty
Package: beamerfontthemedefault 2010/06/17  (rcs-revision d02a7cf4d8ae)
)
(/usr/share/texmf/tex/latex/beamer/base/themes/color/beamercolorthemedefault.st
y
Package: beamercolorthemedefault 2010/06/17  (rcs-revision d02a7cf4d8ae)
)
(/usr/share/texmf/tex/latex/beamer/base/themes/inner/beamerinnerthemedefault.st
y
Package: beamerinnerthemedefault 2010/06/17  (rcs-revision d02a7cf4d8ae)
\beamer@dima=\dimen176
\beamer@dimb=\dimen177
)
(/usr/share/texmf/tex/latex/beamer/base/themes/outer/beamerouterthemedefault.st
y
Package: beamerouterthemedefault 2010/06/17  (rcs-revision d02a7cf4d8ae)
))) (/usr/share/texmf-texlive/tex/latex/base/inputenc.sty
Package: inputenc 2008/03/30 v1.1d Input encoding file
\inpenc@prehook=\toks41
\inpenc@posthook=\toks42

(/usr/share/texmf-texlive/tex/latex/base/utf8.def
File: utf8.def 2008/04/05 v1.1m UTF-8 support for inputenc
Now handling font encoding OML ...
... no UTF-8 mapping file for font encoding OML
Now handling font encoding T1 ...
... processing UTF-8 mapping file for font encoding T1

(/usr/share/texmf-texlive/tex/latex/base/t1enc.dfu
File: t1enc.dfu 2008/04/05 v1.1m UTF-8 support for inputenc
   defining Unicode char U+00A1 (decimal 161)
   defining Unicode char U+00A3 (decimal 163)
   defining Unicode char U+00AB (decimal 171)
   defining Unicode char U+00BB (decimal 187)
   defining Unicode char U+00BF (decimal 191)
   defining Unicode char U+00C0 (decimal 192)
   defining Unicode char U+00C1 (decimal 193)
   defining Unicode char U+00C2 (decimal 194)
   defining Unicode char U+00C3 (decimal 195)
   defining Unicode char U+00C4 (decimal 196)
   defining Unicode char U+00C5 (decimal 197)
   defining Unicode char U+00C6 (decimal 198)
   defining Unicode char U+00C7 (decimal 199)
   defining Unicode char U+00C8 (decimal 200)
   defining Unicode char U+00C9 (decimal 201)
   defining Unicode char U+00CA (decimal 202)
   defining Unicode char U+00CB (decimal 203)
   defining Unicode char U+00CC (decimal 204)
   defining Unicode char U+00CD (decimal 205)
   defining Unicode char U+00CE (decimal 206)
   defining Unicode char U+00CF (decimal 207)
   defining Unicode char U+00D0 (decimal 208)
   defining Unicode char U+00D1 (decimal 209)
   defining Unicode char U+00D2 (decimal 210)
   defining Unicode char U+00D3 (decimal 211)
   defining Unicode char U+00D4 (decimal 212)
   defining Unicode char U+00D5 (decimal 213)
   defining Unicode char U+00D6 (decimal 214)
   defining Unicode char U+00D8 (decimal 216)
   defining Unicode char U+00D9 (decimal 217)
   defining Unicode char U+00DA (decimal 218)
   defining Unicode char U+00DB (decimal 219)
   defining Unicode char U+00DC (decimal 220)
   defining Unicode char U+00DD (decimal 221)
   defining Unicode char U+00DE (decimal 222)
   defining Unicode char U+00DF (decimal 223)
   defining Unicode char U+00E0 (decimal 224)
   defining Unicode char U+00E1 (decimal 225)
   defining Unicode char U+00E2 (decimal 226)
   defining Unicode char U+00E3 (decimal 227)
   defining Unicode char U+00E4 (decimal 228)
   defining Unicode char U+00E5 (decimal 229)
   defining Unicode char U+00E6 (decimal 230)
   defining Unicode char U+00E7 (decimal 231)
   defining Unicode char U+00E8 (decimal 232)
   defining Unicode char U+00E9 (decimal 233)
   defining Unicode char U+00EA (decimal 234)
   defining Unicode char U+00EB (decimal 235)
   defining Unicode char U+00EC (decimal 236)
   defining Unicode char U+00ED (decimal 237)
   defining Unicode char U+00EE (decimal 238)
   defining Unicode char U+00EF (decimal 239)
   defining Unicode char U+00F0 (decimal 240)
   defining Unicode char U+00F1 (decimal 241)
   defining Unicode char U+00F2 (decimal 242)
   defining Unicode char U+00F3 (decimal 243)
   defining Unicode char U+00F4 (decimal 244)
   defining Unicode char U+00F5 (decimal 245)
   defining Unicode char U+00F6 (decimal 246)
   defining Unicode char U+00F8 (decimal 248)
   defining Unicode char U+00F9 (decimal 249)
   defining Unicode char U+00FA (decimal 250)
   defining Unicode char U+00FB (decimal 251)
   defining Unicode char U+00FC (decimal 252)
   defining Unicode char U+00FD (decimal 253)
   defining Unicode char U+00FE (decimal 254)
   defining Unicode char U+00FF (decimal 255)
   defining Unicode char U+0102 (decimal 258)
   defining Unicode char U+0103 (decimal 259)
   defining Unicode char U+0104 (decimal 260)
   defining Unicode char U+0105 (decimal 261)
   defining Unicode char U+0106 (decimal 262)
   defining Unicode char U+0107 (decimal 263)
   defining Unicode char U+010C (decimal 268)
   defining Unicode char U+010D (decimal 269)
   defining Unicode char U+010E (decimal 270)
   defining Unicode char U+010F (decimal 271)
   defining Unicode char U+0110 (decimal 272)
   defining Unicode char U+0111 (decimal 273)
   defining Unicode char U+0118 (decimal 280)
   defining Unicode char U+0119 (decimal 281)
   defining Unicode char U+011A (decimal 282)
   defining Unicode char U+011B (decimal 283)
   defining Unicode char U+011E (decimal 286)
   defining Unicode char U+011F (decimal 287)
   defining Unicode char U+0130 (decimal 304)
   defining Unicode char U+0131 (decimal 305)
   defining Unicode char U+0132 (decimal 306)
   defining Unicode char U+0133 (decimal 307)
   defining Unicode char U+0139 (decimal 313)
   defining Unicode char U+013A (decimal 314)
   defining Unicode char U+013D (decimal 317)
   defining Unicode char U+013E (decimal 318)
   defining Unicode char U+0141 (decimal 321)
   defining Unicode char U+0142 (decimal 322)
   defining Unicode char U+0143 (decimal 323)
   defining Unicode char U+0144 (decimal 324)
   defining Unicode char U+0147 (decimal 327)
   defining Unicode char U+0148 (decimal 328)
   defining Unicode char U+014A (decimal 330)
   defining Unicode char U+014B (decimal 331)
   defining Unicode char U+0150 (decimal 336)
   defining Unicode char U+0151 (decimal 337)
   defining Unicode char U+0152 (decimal 338)
   defining Unicode char U+0153 (decimal 339)
   defining Unicode char U+0154 (decimal 340)
   defining Unicode char U+0155 (decimal 341)
   defining Unicode char U+0158 (decimal 344)
   defining Unicode char U+0159 (decimal 345)
   defining Unicode char U+015A (decimal 346)
   defining Unicode char U+015B (decimal 347)
   defining Unicode char U+015E (decimal 350)
   defining Unicode char U+015F (decimal 351)
   defining Unicode char U+0160 (decimal 352)
   defining Unicode char U+0161 (decimal 353)
   defining Unicode char U+0162 (decimal 354)
   defining Unicode char U+0163 (decimal 355)
   defining Unicode char U+0164 (decimal 356)
   defining Unicode char U+0165 (decimal 357)
   defining Unicode char U+016E (decimal 366)
   defining Unicode char U+016F (decimal 367)
   defining Unicode char U+0170 (decimal 368)
   defining Unicode char U+0171 (decimal 369)
   defining Unicode char U+0178 (decimal 376)
   defining Unicode char U+0179 (decimal 377)
   defining Unicode char U+017A (decimal 378)
   defining Unicode char U+017B (decimal 379)
   defining Unicode char U+017C (decimal 380)
   defining Unicode char U+017D (decimal 381)
   defining Unicode char U+017E (decimal 382)
   defining Unicode char U+200C (decimal 8204)
   defining Unicode char U+2013 (decimal 8211)
   defining Unicode char U+2014 (decimal 8212)
   defining Unicode char U+2018 (decimal 8216)
   defining Unicode char U+2019 (decimal 8217)
   defining Unicode char U+201A (decimal 8218)
   defining Unicode char U+201C (decimal 8220)
   defining Unicode char U+201D (decimal 8221)
   defining Unicode char U+201E (decimal 8222)
   defining Unicode char U+2030 (decimal 8240)
   defining Unicode char U+2031 (decimal 8241)
   defining Unicode char U+2039 (decimal 8249)
   defining Unicode char U+203A (decimal 8250)
   defining Unicode char U+2423 (decimal 9251)
)
Now handling font encoding OT1 ...
... processing UTF-8 mapping file for font encoding OT1

(/usr/share/texmf-texlive/tex/latex/base/ot1enc.dfu
File: ot1enc.dfu 2008/04/05 v1.1m UTF-8 support for inputenc
   defining Unicode char U+00A1 (decimal 161)
   defining Unicode char U+00A3 (decimal 163)
   defining Unicode char U+00B8 (decimal 184)
   defining Unicode char U+00BF (decimal 191)
   defining Unicode char U+00C5 (decimal 197)
   defining Unicode char U+00C6 (decimal 198)
   defining Unicode char U+00D8 (decimal 216)
   defining Unicode char U+00DF (decimal 223)
   defining Unicode char U+00E6 (decimal 230)
   defining Unicode char U+00EC (decimal 236)
   defining Unicode char U+00ED (decimal 237)
   defining Unicode char U+00EE (decimal 238)
   defining Unicode char U+00EF (decimal 239)
   defining Unicode char U+00F8 (decimal 248)
   defining Unicode char U+0131 (decimal 305)
   defining Unicode char U+0141 (decimal 321)
   defining Unicode char U+0142 (decimal 322)
   defining Unicode char U+0152 (decimal 338)
   defining Unicode char U+0153 (decimal 339)
   defining Unicode char U+2013 (decimal 8211)
   defining Unicode char U+2014 (decimal 8212)
   defining Unicode char U+2018 (decimal 8216)
   defining Unicode char U+2019 (decimal 8217)
   defining Unicode char U+201C (decimal 8220)
   defining Unicode char U+201D (decimal 8221)
)
Now handling font encoding OMS ...
... processing UTF-8 mapping file for font encoding OMS

(/usr/share/texmf-texlive/tex/latex/base/omsenc.dfu
File: omsenc.dfu 2008/04/05 v1.1m UTF-8 support for inputenc
   defining Unicode char U+00A7 (decimal 167)
   defining Unicode char U+00B6 (decimal 182)
   defining Unicode char U+00B7 (decimal 183)
   defining Unicode char U+2020 (decimal 8224)
   defining Unicode char U+2021 (decimal 8225)
   defining Unicode char U+2022 (decimal 8226)
)
Now handling font encoding OMX ...
... no UTF-8 mapping file for font encoding OMX
Now handling font encoding U ...
... no UTF-8 mapping file for font encoding U
Now handling font encoding PD1 ...
... no UTF-8 mapping file for font encoding PD1
   defining Unicode char U+00A9 (decimal 169)
   defining Unicode char U+00AA (decimal 170)
   defining Unicode char U+00AE (decimal 174)
   defining Unicode char U+00BA (decimal 186)
   defining Unicode char U+02C6 (decimal 710)
   defining Unicode char U+02DC (decimal 732)
   defining Unicode char U+200C (decimal 8204)
   defining Unicode char U+2026 (decimal 8230)
   defining Unicode char U+2122 (decimal 8482)
   defining Unicode char U+2423 (decimal 9251)
))
(/usr/share/texmf-texlive/tex/generic/genmisc/default.sty 1.3 13/7/98
    DEFAULT.STY version 1.3 July 1998 By Z Jiang
    University of New England, Australia
    Email: zhuhan@neumann.une.edu.au
)
(/usr/share/texmf-texlive/tex/latex/textpos/textpos.sty
Package: textpos 2009/05/28 v1.7f

Package: `textpos' 1.7f <2009 May 28>
\TP@textbox=\box56
\TP@holdbox=\box57
\TPHorizModule=\dimen181
\TPVertModule=\dimen182
\TP@margin=\dimen183
\TP@absmargin=\dimen184
Grid set 16 x 16 = 22.7622pt x 17.07166pt
\TPboxrulesize=\dimen185
\TP@ox=\dimen186
\TP@oy=\dimen187
\TP@tbargs=\toks55
\TP@prevdepth=\dimen188
TextBlockOrigin set to 0pt x 0pt
) (/usr/share/texmf/tex/latex/biblatex/biblatex.sty
Package: biblatex 2011/11/13 v1.7 programmable bibliographies

(/usr/share/texmf/tex/latex/etoolbox/etoolbox.sty
Package: etoolbox 2011/01/03 v2.1 e-TeX tools for LaTeX

(/usr/share/texmf-texlive/tex/latex/etex-pkg/etex.sty
Package: etex 1998/03/26 v2.0 eTeX basic definition package (PEB)
\et@xins=\count155
)
\etb@tempcnta=\count156
)
(/usr/share/texmf/tex/latex/logreq/logreq.sty
Package: logreq 2010/08/04 v1.0 xml request logger
\lrq@indent=\count157

(/usr/share/texmf/tex/latex/logreq/logreq.def
File: logreq.def 2010/08/04 v1.0 logreq spec v1.0
))
(/usr/share/texmf-texlive/tex/latex/base/ifthen.sty
Package: ifthen 2001/05/26 v1.1c Standard LaTeX ifthen package (DPC)
)
\c@listtotal=\count158
\c@listcount=\count159
\c@liststart=\count160
\c@liststop=\count161
\c@citecount=\count162
\c@citetotal=\count163
\c@multicitecount=\count164
\c@multicitetotal=\count165
\c@instcount=\count166
\c@maxnames=\count167
\c@minnames=\count168
\c@maxitems=\count169
\c@minitems=\count170
\c@citecounter=\count171
\c@savedcitecounter=\count172
\c@uniquelist=\count173
\c@uniquename=\count174
\c@refsection=\count175
\c@refsegment=\count176
\c@maxextrayear=\count177
\c@maxextraalpha=\count178
\c@abbrvpenalty=\count179
\c@highnamepenalty=\count180
\c@lownamepenalty=\count181
\c@maxparens=\count182
\c@parenlevel=\count183
\blx@tempcnta=\count184
\blx@tempcntb=\count185
\blx@tempcntc=\count186
\blx@maxsection=\count187
\blx@maxsegment=\count188
\blx@notetype=\count189
\blx@parenlevel@text=\count190
\blx@parenlevel@foot=\count191
\labelnumberwidth=\skip57
\labelalphawidth=\skip58
\shorthandwidth=\skip59
\biblabelsep=\skip60
\bibitemsep=\skip61
\bibnamesep=\skip62
\bibinitsep=\skip63
\bibparsep=\skip64
\bibhang=\skip65
\blx@auxin=\read5
\blx@auxout=\write5
\c@mincomprange=\count192
\c@maxcomprange=\count193
\c@mincompwidth=\count194
\c@labelname=\count195
\c@savedlabelname=\count196
\c@author=\count197
\c@savedauthor=\count198
\c@shortauthor=\count199
\c@savedshortauthor=\count200
\c@editor=\count201
\c@savededitor=\count202
\c@editora=\count203
\c@savededitora=\count204
\c@editorb=\count205
\c@savededitorb=\count206
\c@editorc=\count207
\c@savededitorc=\count208
\c@shorteditor=\count209
\c@savedshorteditor=\count210
\c@bookauthor=\count211
\c@savedbookauthor=\count212
\c@translator=\count213
\c@savedtranslator=\count214
\c@annotator=\count215
\c@savedannotator=\count216
\c@commentator=\count217
\c@savedcommentator=\count218
\c@introduction=\count219
\c@savedintroduction=\count220
\c@foreword=\count221
\c@savedforeword=\count222
\c@afterword=\count223
\c@savedafterword=\count224
\c@holder=\count225
\c@savedholder=\count226
\c@namea=\count227
\c@savednamea=\count228
\c@nameb=\count229
\c@savednameb=\count230
\c@namec=\count231
\c@savednamec=\count232
\c@institution=\count233
Normal \count register pool exhausted, switching to extended pool.
\c@savedinstitution=\count277
\c@language=\count278
\c@savedlanguage=\count279
\c@location=\count280
\c@savedlocation=\count281
\c@organization=\count282
\c@savedorganization=\count283
\c@origlocation=\count284
\c@savedoriglocation=\count285
\c@origpublisher=\count286
\c@savedorigpublisher=\count287
\c@pageref=\count288
\c@savedpageref=\count289
\c@publisher=\count290
\c@savedpublisher=\count291
\c@lista=\count292
\c@savedlista=\count293
\c@listb=\count294
\c@savedlistb=\count295
\c@listc=\count296
\c@savedlistc=\count297
\c@listd=\count298
\c@savedlistd=\count299
\c@liste=\count300
\c@savedliste=\count301
\c@listf=\count302
\c@savedlistf=\count303
Package biblatex Info: Trying to load compatibility code...
Package biblatex Info: ... file 'blx-compat.def' found.

(/usr/share/texmf/tex/latex/biblatex/blx-compat.def
File: blx-compat.def 2011/11/13 v1.7 biblatex generic compatibility
)
Package biblatex Info: Trying to load generic definitions...
Package biblatex Info: ... file 'biblatex.def' found.

(/usr/share/texmf/tex/latex/biblatex/biblatex.def
File: biblatex.def 2011/11/13 v1.7 biblatex generic definitions
\c@biburlnumpenalty=\count304
\c@biburlucpenalty=\count305
\c@biburllcpenalty=\count306
\c@smartand=\count307
)
Package biblatex Info: Trying to load bibliography style 'numeric'...
Package biblatex Info: ... file 'numeric.bbx' found.

(/usr/share/texmf/tex/latex/biblatex/bbx/numeric.bbx
File: numeric.bbx 2011/11/13 v1.7 biblatex bibliography style
Package biblatex Info: Trying to load bibliography style 'standard'...
Package biblatex Info: ... file 'standard.bbx' found.

(/usr/share/texmf/tex/latex/biblatex/bbx/standard.bbx
File: standard.bbx 2011/11/13 v1.7 biblatex bibliography style
))
Package biblatex Info: Trying to load citation style 'numeric'...
Package biblatex Info: ... file 'numeric.cbx' found.

(/usr/share/texmf/tex/latex/biblatex/cbx/numeric.cbx
File: numeric.cbx 2011/11/13 v1.7 biblatex citation style
Package biblatex Info: Redefining '\cite'.
Package biblatex Info: Redefining '\parencite'.
Package biblatex Info: Redefining '\footcite'.
Package biblatex Info: Redefining '\footcitetext'.
Package biblatex Info: Redefining '\smartcite'.
Package biblatex Info: Redefining '\textcite'.
Package biblatex Info: Redefining '\supercite'.
Package biblatex Info: Redefining '\cites'.
Package biblatex Info: Redefining '\parencites'.
Package biblatex Info: Redefining '\smartcites'.
)
Package biblatex Info: Trying to load configuration file...
Package biblatex Info: ... file 'biblatex.cfg' found.

(/usr/share/texmf/tex/latex/biblatex/biblatex.cfg
File: biblatex.cfg 
))
(/usr/share/texmf-texlive/tex/latex/caption/caption.sty
Package: caption 2009/10/09 v3.1k Customizing captions (AR)

(/usr/share/texmf-texlive/tex/latex/caption/caption3.sty
Package: caption3 2009/10/09 v3.1k caption3 kernel (AR)
\captionmargin=\dimen189
\captionmargin@=\dimen190
\captionwidth=\dimen191
\caption@indent=\dimen192
\caption@parindent=\dimen193
\caption@hangindent=\dimen194
)
\c@ContinuedFloat=\count308
Package caption Info: beamer document class.
Package caption Info: hyperref package is loaded.


Package caption Warning: Hyperref support is turned off
(caption)                because hyperref has stopped early.
See the caption package documentation for explanation.

) (/usr/share/texmf-texlive/tex/latex/caption/subcaption.sty
Package: subcaption 2008/08/31 v1.0b Adding subcaptions (AR)
\c@subfigure=\count309
\c@subtable=\count310
)
(/usr/share/texmf/tex/latex/pgf/frontendlayer/tikz.sty
(/usr/share/texmf/tex/latex/pgf/basiclayer/pgf.sty
Package: pgf 2008/01/15 v2.10 (rcs-revision 1.12)

(/usr/share/texmf/tex/generic/pgf/modules/pgfmoduleshapes.code.tex
File: pgfmoduleshapes.code.tex 2010/09/09  (rcs-revision 1.13)
\pgfnodeparttextbox=\box58
)
(/usr/share/texmf/tex/generic/pgf/modules/pgfmoduleplot.code.tex
File: pgfmoduleplot.code.tex 2010/10/22  (rcs-revision 1.8)
)
(/usr/share/texmf/tex/latex/pgf/compatibility/pgfcomp-version-0-65.sty
Package: pgfcomp-version-0-65 2007/07/03 v2.10 (rcs-revision 1.7)
\pgf@nodesepstart=\dimen195
\pgf@nodesepend=\dimen196
)
(/usr/share/texmf/tex/latex/pgf/compatibility/pgfcomp-version-1-18.sty
Package: pgfcomp-version-1-18 2007/07/23 v2.10 (rcs-revision 1.1)
))
(/usr/share/texmf/tex/latex/pgf/utilities/pgffor.sty
(/usr/share/texmf/tex/latex/pgf/utilities/pgfkeys.sty
(/usr/share/texmf/tex/generic/pgf/utilities/pgfkeys.code.tex))
(/usr/share/texmf/tex/generic/pgf/utilities/pgffor.code.tex
Package: pgffor 2010/03/23 v2.10 (rcs-revision 1.18)
\pgffor@iter=\dimen197
\pgffor@skip=\dimen198
\pgffor@stack=\toks56
\pgffor@toks=\toks57
))
(/usr/share/texmf/tex/generic/pgf/frontendlayer/tikz/tikz.code.tex
Package: tikz 2010/10/13 v2.10 (rcs-revision 1.76)

(/usr/share/texmf/tex/generic/pgf/libraries/pgflibraryplothandlers.code.tex
File: pgflibraryplothandlers.code.tex 2010/05/31 v2.10 (rcs-revision 1.15)
\pgf@plot@mark@count=\count311
\pgfplotmarksize=\dimen199
)
\tikz@lastx=\dimen200
\tikz@lasty=\dimen201
\tikz@lastxsaved=\dimen202
\tikz@lastysaved=\dimen203
\tikzleveldistance=\dimen204
\tikzsiblingdistance=\dimen205
\tikz@figbox=\box59
\tikz@tempbox=\box60
\tikztreelevel=\count312
\tikznumberofchildren=\count313
\tikznumberofcurrentchild=\count314
\tikz@fig@count=\count315

(/usr/share/texmf/tex/generic/pgf/modules/pgfmodulematrix.code.tex
File: pgfmodulematrix.code.tex 2010/08/24  (rcs-revision 1.4)
\pgfmatrixcurrentrow=\count316
\pgfmatrixcurrentcolumn=\count317
\pgf@matrix@numberofcolumns=\count318
)
\tikz@expandcount=\count319

(/usr/share/texmf/tex/generic/pgf/frontendlayer/tikz/libraries/tikzlibrarytopat
hs.code.tex
File: tikzlibrarytopaths.code.tex 2008/06/17 v2.10 (rcs-revision 1.2)
)))
(/usr/share/texmf/tex/generic/pgf/frontendlayer/tikz/libraries/tikzlibraryarrow
s.code.tex
File: tikzlibraryarrows.code.tex 2008/01/09 v2.10 (rcs-revision 1.1)

(/usr/share/texmf/tex/generic/pgf/libraries/pgflibraryarrows.code.tex
File: pgflibraryarrows.code.tex 2008/10/27 v2.10 (rcs-revision 1.9)
\arrowsize=\dimen206
))
(/usr/share/texmf/tex/generic/pgf/frontendlayer/tikz/libraries/tikzlibraryshape
s.code.tex
File: tikzlibraryshapes.code.tex 2008/01/09 v2.10 (rcs-revision 1.1)

(/usr/share/texmf/tex/generic/pgf/frontendlayer/tikz/libraries/tikzlibraryshape
s.geometric.code.tex
File: tikzlibraryshapes.geometric.code.tex 2008/01/09 v2.10 (rcs-revision 1.1)

(/usr/share/texmf/tex/generic/pgf/libraries/shapes/pgflibraryshapes.geometric.c
ode.tex
File: pgflibraryshapes.geometric.code.tex 2008/06/26 v2.10 (rcs-revision 1.1)
))
(/usr/share/texmf/tex/generic/pgf/frontendlayer/tikz/libraries/tikzlibraryshape
s.misc.code.tex
File: tikzlibraryshapes.misc.code.tex 2008/01/09 v2.10 (rcs-revision 1.1)

(/usr/share/texmf/tex/generic/pgf/libraries/shapes/pgflibraryshapes.misc.code.t
ex
File: pgflibraryshapes.misc.code.tex 2008/10/07 v2.10 (rcs-revision 1.3)
))
(/usr/share/texmf/tex/generic/pgf/frontendlayer/tikz/libraries/tikzlibraryshape
s.symbols.code.tex
File: tikzlibraryshapes.symbols.code.tex 2008/01/09 v2.10 (rcs-revision 1.1)

(/usr/share/texmf/tex/generic/pgf/libraries/shapes/pgflibraryshapes.symbols.cod
e.tex
File: pgflibraryshapes.symbols.code.tex 2009/10/27 v2.10 (rcs-revision 1.3)
))
(/usr/share/texmf/tex/generic/pgf/frontendlayer/tikz/libraries/tikzlibraryshape
s.arrows.code.tex
File: tikzlibraryshapes.arrows.code.tex 2008/01/09 v2.10 (rcs-revision 1.1)

(/usr/share/texmf/tex/generic/pgf/libraries/shapes/pgflibraryshapes.arrows.code
.tex
File: pgflibraryshapes.arrows.code.tex 2008/06/26 v2.10 (rcs-revision 1.1)
))
(/usr/share/texmf/tex/generic/pgf/frontendlayer/tikz/libraries/tikzlibraryshape
s.callouts.code.tex
(/usr/share/texmf/tex/generic/pgf/libraries/shapes/pgflibraryshapes.callouts.co
de.tex))
(/usr/share/texmf/tex/generic/pgf/frontendlayer/tikz/libraries/tikzlibraryshape
s.multipart.code.tex
File: tikzlibraryshapes.multipart.code.tex 2008/01/09 v2.10 (rcs-revision 1.1)

(/usr/share/texmf/tex/generic/pgf/libraries/shapes/pgflibraryshapes.multipart.c
ode.tex
File: pgflibraryshapes.multipart.code.tex 2010/01/07 v2.10 (rcs-revision 1.2)
\pgfnodepartlowerbox=\box61
\pgfnodeparttwobox=\box62
\pgfnodepartthreebox=\box63
\pgfnodepartfourbox=\box64
\pgfnodeparttwentybox=\box65
\pgfnodepartnineteenbox=\box66
\pgfnodeparteighteenbox=\box67
\pgfnodepartseventeenbox=\box68
\pgfnodepartsixteenbox=\box69
\pgfnodepartfifteenbox=\box70
\pgfnodepartfourteenbox=\box71
\pgfnodepartthirteenbox=\box72
\pgfnodeparttwelvebox=\box73
\pgfnodepartelevenbox=\box74
\pgfnodeparttenbox=\box75
\pgfnodepartninebox=\box76
\pgfnodeparteightbox=\box77
\pgfnodepartsevenbox=\box78
\pgfnodepartsixbox=\box79
\pgfnodepartfivebox=\box80
))) (./beamerthemeTpt.sty
(/usr/share/texmf/tex/generic/pgf/frontendlayer/tikz/libraries/tikzlibrarydecor
ations.pathreplacing.code.tex
(/usr/share/texmf/tex/generic/pgf/frontendlayer/tikz/libraries/tikzlibrarydecor
ations.code.tex
(/usr/share/texmf/tex/generic/pgf/modules/pgfmoduledecorations.code.tex
\pgfdecoratedcompleteddistance=\dimen207
\pgfdecoratedremainingdistance=\dimen208
\pgfdecoratedinputsegmentcompleteddistance=\dimen209
\pgfdecoratedinputsegmentremainingdistance=\dimen210
\pgf@decorate@distancetomove=\dimen211
\pgf@decorate@repeatstate=\count320
\pgfdecorationsegmentamplitude=\dimen212
\pgfdecorationsegmentlength=\dimen213
)
\tikz@lib@dec@box=\box81
)
(/usr/share/texmf/tex/generic/pgf/libraries/decorations/pgflibrarydecorations.p
athreplacing.code.tex))
(/usr/share/texmf/tex/generic/pgf/frontendlayer/tikz/libraries/tikzlibrarycalc.
code.tex
File: tikzlibrarycalc.code.tex 2009/09/04 v2.10 (rcs-revision 1.6)
)
(/usr/share/texmf/tex/generic/pgf/frontendlayer/tikz/libraries/tikzlibrarysnake
s.code.tex
File: tikzlibrarysnakes.code.tex 2008/02/05 v2.10 (rcs-revision 1.6)


Package tikz Warning: Snakes have been superseded by decorations. Please use th
e decoration libraries instead of the snakes library on input line 14.


(/usr/share/texmf/tex/generic/pgf/frontendlayer/tikz/libraries/tikzlibrarydecor
ations.pathmorphing.code.tex
(/usr/share/texmf/tex/generic/pgf/libraries/decorations/pgflibrarydecorations.p
athmorphing.code.tex))
(/usr/share/texmf/tex/generic/pgf/frontendlayer/tikz/libraries/tikzlibrarydecor
ations.shapes.code.tex
(/usr/share/texmf/tex/generic/pgf/libraries/decorations/pgflibrarydecorations.s
hapes.code.tex)))
(/usr/share/texmf/tex/generic/pgf/frontendlayer/tikz/libraries/tikzlibraryautom
ata.code.tex
File: tikzlibraryautomata.code.tex 2008/07/14 v2.10 (rcs-revision 1.3)
)
(/usr/share/texmf/tex/generic/pgf/frontendlayer/tikz/libraries/tikzlibrarybackg
rounds.code.tex
File: tikzlibrarybackgrounds.code.tex 2010/02/08 v2.10 (rcs-revision 1.2)
\pgf@layerbox@background=\box82
\pgf@layerboxsaved@background=\box83
)
(/usr/share/texmf/tex/generic/pgf/frontendlayer/tikz/libraries/tikzlibrarypetri
.code.tex
File: tikzlibrarypetri.code.tex 2008/06/18 v2.10 (rcs-revision 1.2)
) (/usr/share/texmf-texlive/tex/latex/carlisle/scalefnt.sty)
\c@defn=\count321

(/usr/share/texmf/tex/latex/beamer/base/themes/color/beamercolorthemebeaver.sty
Package: beamercolorthemebeaver 2010/06/17  (rcs-revision d02a7cf4d8ae)
)
(/usr/share/texmf/tex/latex/beamer/base/themes/inner/beamerinnerthemerounded.st
y
Package: beamerinnerthemerounded 2010/06/17  (rcs-revision d02a7cf4d8ae)
)
(/usr/share/texmf/tex/latex/beamer/base/themes/outer/beamerouterthemeinfolines.
sty
Package: beamerouterthemeinfolines 2010/07/10  (rcs-revision 445340293dde)
))
Package biblatex Info: Trying to load language 'english'...
Package biblatex Info: ... file 'english.lbx' found.
 (/usr/share/texmf/tex/latex/biblatex/lbx/english.lbx
File: english.lbx 2011/11/13 v1.7 biblatex localization
)

Package biblatex Warning: Patching footnotes failed.
(biblatex)                Footnote detection will not work.

\@quotelevel=\count322
\@quotereset=\count323
(./midterm_yifan.aux)
\openout1 = `midterm_yifan.aux'.

LaTeX Font Info:    Checking defaults for OML/cmm/m/it on input line 36.
LaTeX Font Info:    ... okay on input line 36.
LaTeX Font Info:    Checking defaults for T1/cmr/m/n on input line 36.
LaTeX Font Info:    ... okay on input line 36.
LaTeX Font Info:    Checking defaults for OT1/cmr/m/n on input line 36.
LaTeX Font Info:    ... okay on input line 36.
LaTeX Font Info:    Checking defaults for OMS/cmsy/m/n on input line 36.
LaTeX Font Info:    ... okay on input line 36.
LaTeX Font Info:    Checking defaults for OMX/cmex/m/n on input line 36.
LaTeX Font Info:    ... okay on input line 36.
LaTeX Font Info:    Checking defaults for U/cmr/m/n on input line 36.
LaTeX Font Info:    ... okay on input line 36.
LaTeX Font Info:    Checking defaults for PD1/pdf/m/n on input line 36.
LaTeX Font Info:    ... okay on input line 36.

*geometry auto-detecting driver*
*geometry detected driver: pdftex*
-------------------- Geometry parameters
paper: user defined
landscape: --
twocolumn: --
twoside: --
asymmetric: --
h-parts: 10.95003pt, 342.2953pt, 10.95003pt
v-parts: 0.0pt, 273.14662pt, 0.0pt
hmarginratio: --
vmarginratio: --
lines: --
heightrounded: --
bindingoffset: 0.0pt
truedimen: --
includehead: true
includefoot: true
includemp: --
driver: pdftex
-------------------- Page layout dimensions and switches
\paperwidth  364.19536pt
\paperheight 273.14662pt
\textwidth  342.2953pt
\textheight 244.6939pt
\oddsidemargin  -61.31996pt
\evensidemargin -61.31996pt
\topmargin  -72.26999pt
\headheight 14.22636pt
\headsep    0.0pt
\footskip   14.22636pt
\marginparwidth 4.0pt
\marginparsep   10.0pt
\columnsep  10.0pt
\skip\footins  10.0pt plus 4.0pt minus 2.0pt
\hoffset 0.0pt
\voffset 0.0pt
\mag 1000

(1in=72.27pt, 1cm=28.45pt)
-----------------------
(/usr/share/texmf-texlive/tex/context/base/supp-pdf.mkii
[Loading MPS to PDF converter (version 2006.09.02).]
\scratchcounter=\count324
\scratchdimen=\dimen214
\scratchbox=\box84
\nofMPsegments=\count325
\nofMParguments=\count326
\everyMPshowfont=\toks58
\MPscratchCnt=\count327
\MPscratchDim=\dimen215
\MPnumerator=\count328
\everyMPtoPDFconversion=\toks59
) ABD: EveryShipout initializing macros
Package hyperref Info: Link coloring OFF on input line 36.

(/usr/share/texmf-texlive/tex/latex/hyperref/nameref.sty
Package: nameref 2007/05/29 v2.31 Cross-referencing by name of section

(/usr/share/texmf-texlive/tex/latex/oberdiek/refcount.sty
Package: refcount 2008/08/11 v3.1 Data extraction from references (HO)
)
\c@section@level=\count329
)
LaTeX Info: Redefining \ref on input line 36.
LaTeX Info: Redefining \pageref on input line 36.

(./midterm_yifan.out) (./midterm_yifan.out)
\@outlinefile=\write6
\openout6 = `midterm_yifan.out'.

\AtBeginShipoutBox=\box85
LaTeX Font Info:    Overwriting symbol font `operators' in version `normal'
(Font)                  OT1/cmr/m/n --> OT1/cmss/m/n on input line 36.
LaTeX Font Info:    Overwriting symbol font `operators' in version `bold'
(Font)                  OT1/cmr/bx/n --> OT1/cmss/bx/n on input line 36.
\symnumbers=\mathgroup6
\sympureletters=\mathgroup7
LaTeX Font Info:    Overwriting math alphabet `\mathrm' in version `normal'
(Font)                  OT1/cmss/m/n --> OT1/cmr/m/n on input line 36.
LaTeX Font Info:    Redeclaring math alphabet \mathbf on input line 36.
LaTeX Font Info:    Overwriting math alphabet `\mathbf' in version `normal'
(Font)                  OT1/cmr/bx/n --> OT1/cmss/bx/n on input line 36.
LaTeX Font Info:    Overwriting math alphabet `\mathbf' in version `bold'
(Font)                  OT1/cmr/bx/n --> OT1/cmss/bx/n on input line 36.
LaTeX Font Info:    Redeclaring math alphabet \mathsf on input line 36.
LaTeX Font Info:    Overwriting math alphabet `\mathsf' in version `normal'
(Font)                  OT1/cmss/m/n --> OT1/cmss/m/n on input line 36.
LaTeX Font Info:    Overwriting math alphabet `\mathsf' in version `bold'
(Font)                  OT1/cmss/bx/n --> OT1/cmss/m/n on input line 36.
LaTeX Font Info:    Redeclaring math alphabet \mathit on input line 36.
LaTeX Font Info:    Overwriting math alphabet `\mathit' in version `normal'
(Font)                  OT1/cmr/m/it --> OT1/cmss/m/it on input line 36.
LaTeX Font Info:    Overwriting math alphabet `\mathit' in version `bold'
(Font)                  OT1/cmr/bx/it --> OT1/cmss/m/it on input line 36.
LaTeX Font Info:    Redeclaring math alphabet \mathtt on input line 36.
LaTeX Font Info:    Overwriting math alphabet `\mathtt' in version `normal'
(Font)                  OT1/cmtt/m/n --> OT1/cmtt/m/n on input line 36.
LaTeX Font Info:    Overwriting math alphabet `\mathtt' in version `bold'
(Font)                  OT1/cmtt/m/n --> OT1/cmtt/m/n on input line 36.
LaTeX Font Info:    Overwriting symbol font `numbers' in version `bold'
(Font)                  OT1/cmss/m/n --> OT1/cmss/bx/n on input line 36.
LaTeX Font Info:    Overwriting symbol font `pureletters' in version `bold'
(Font)                  OT1/cmss/m/it --> OT1/cmss/bx/it on input line 36.
LaTeX Font Info:    Overwriting math alphabet `\mathrm' in version `bold'
(Font)                  OT1/cmss/bx/n --> OT1/cmr/bx/n on input line 36.
LaTeX Font Info:    Overwriting math alphabet `\mathbf' in version `bold'
(Font)                  OT1/cmss/bx/n --> OT1/cmss/bx/n on input line 36.
LaTeX Font Info:    Overwriting math alphabet `\mathsf' in version `bold'
(Font)                  OT1/cmss/m/n --> OT1/cmss/bx/n on input line 36.
LaTeX Font Info:    Overwriting math alphabet `\mathit' in version `bold'
(Font)                  OT1/cmss/m/it --> OT1/cmss/bx/it on input line 36.
LaTeX Font Info:    Overwriting math alphabet `\mathtt' in version `bold'
(Font)                  OT1/cmtt/m/n --> OT1/cmtt/bx/n on input line 36.

(/usr/share/texmf/tex/latex/beamer/base/translator/dicts/translator-basic-dicti
onary/translator-basic-dictionary-English.dict
Dictionary: translator-basic-dictionary, Language: English 
)
(/usr/share/texmf/tex/latex/beamer/base/translator/dicts/translator-bibliograph
y-dictionary/translator-bibliography-dictionary-English.dict
Dictionary: translator-bibliography-dictionary, Language: English 
)
(/usr/share/texmf/tex/latex/beamer/base/translator/dicts/translator-environment
-dictionary/translator-environment-dictionary-English.dict
Dictionary: translator-environment-dictionary, Language: English 
)
(/usr/share/texmf/tex/latex/beamer/base/translator/dicts/translator-months-dict
ionary/translator-months-dictionary-English.dict
Dictionary: translator-months-dictionary, Language: English 
)
(/usr/share/texmf/tex/latex/beamer/base/translator/dicts/translator-numbers-dic
tionary/translator-numbers-dictionary-English.dict
Dictionary: translator-numbers-dictionary, Language: English 
)
(/usr/share/texmf/tex/latex/beamer/base/translator/dicts/translator-theorem-dic
tionary/translator-theorem-dictionary-English.dict
Dictionary: translator-theorem-dictionary, Language: English 
)
Package biblatex Info: Input encoding 'utf8' detected.
Package biblatex Info: Automatic encoding selection.
(biblatex)             Assuming data encoding 'utf8'.


Package biblatex Warning: Data encoding is 'utf8'.
(biblatex)                Use backend=biber.

\openout5 = `midterm_yifan-blx.bib'.

Package biblatex Info: Trying to load bibliographic data...
Package biblatex Info: ... file 'midterm_yifan.bbl' found.
(./midterm_yifan.bbl)
Package biblatex Info: Reference section=0 on input line 36.
Package biblatex Info: Reference segment=0 on input line 36.
Package caption Info: Begin \AtBeginDocument code.
Package caption Info: End \AtBeginDocument code.
 (./midterm_yifan.nav)

Package hyperref Warning: Option `pdfauthor' has already been used,
(hyperref)                setting the option has no effect on input line 48.

LaTeX Font Info:    Try loading font information for U+msa on input line 61.
(/usr/share/texmf-texlive/tex/latex/amsfonts/umsa.fd
File: umsa.fd 2009/06/22 v3.00 AMS symbols A
)
LaTeX Font Info:    Try loading font information for U+msb on input line 61.

(/usr/share/texmf-texlive/tex/latex/amsfonts/umsb.fd
File: umsb.fd 2009/06/22 v3.00 AMS symbols B
)
<images/telecom.png, id=35, 106.3975pt x 106.3975pt>
File: images/telecom.png Graphic file (type png)
 <use images/telecom.png>
<images/logocnrs.png, id=36, 301.125pt x 245.91875pt>
File: images/logocnrs.png Graphic file (type png)

<use images/logocnrs.png>
<images/logo_lamsade.png, id=38, 678.535pt x 259.97125pt>
File: images/logo_lamsade.png Graphic file (type png)

<use images/logo_lamsade.png>
<images/logoanr.png, id=39, 150.5625pt x 81.30376pt>
File: images/logoanr.png Graphic file (type png)
 <use images/logoanr.png>
[1

{/var/lib/texmf/fonts/map/pdftex/updmap/pdftex.map} <./images/telecom.png (PNG 
copy)> <./images/logocnrs.png> <./images/logo_lamsade.png> <./images/logoanr.pn
g>] (./midterm_yifan.toc)

LaTeX Font Warning: Font shape `OT1/cmss/m/n' in size <4> not available
(Font)              size <5> substituted on input line 81.

File: images/telecom.png Graphic file (type png)
<use images/telecom.png> [2

]
<images/cerebrale.png, id=68, 640.3925pt x 494.84875pt>
File: images/cerebrale.png Graphic file (type png)

<use images/cerebrale.png>
<figures/highjump.png, id=70, 572.1375pt x 537.00626pt>
File: figures/highjump.png Graphic file (type png)

<use figures/highjump.png>
File: images/telecom.png Graphic file (type png)
 <use images/telecom.png> [3

 <./images/cerebrale.png> <./figures/highjump.png (PNG copy)>]
File: images/telecom.png Graphic file (type png)
 <use images/telecom.png> [4

]
File: images/cerebrale.png Graphic file (type png)

<use images/cerebrale.png>
File: images/telecom.png Graphic file (type png)
 <use images/telecom.png> [5

]
<images/general_schema_a_crop.pdf, id=101, 418.13916pt x 354.90591pt>
File: images/general_schema_a_crop.pdf Graphic file (type pdf)

<use images/general_schema_a_crop.pdf>
<images/general_schema_color_crop.pdf, id=102, 418.13916pt x 354.90591pt>
File: images/general_schema_color_crop.pdf Graphic file (type pdf)

<use images/general_schema_color_crop.pdf>

! Package tikz Error: Giving up on this path. Did you forget a semicolon?.

See the tikz package documentation for explanation.
Type  H <return>  for immediate help.
 ...                                              
                                                  
l.206 \end{frame}
                 
This error message was generated by an \errmessage
command, so I can't give any explicit help.
Pretend that you're Hercule Poirot: Examine all clues,
and deduce the truth by order and method.

Missing character: There is no = in font nullfont!
! You can't use `\lastskip' in restricted horizontal mode.
\@let@token ...{}\beamer@lastskipcover =\lastskip 
                                                  \edef \beamer@lastskiptext...
l.206 \end{frame}
                 
Sorry, but I'm not programmed to handle this case;
I'll just pretend that you didn't ask for it.
If you're in the wrong mode, you might be able to
return to the right one by typing `I}' or `I$' or `I\par'.

Missing character: There is no ; in font nullfont!

Overfull \vbox (5.09656pt too high) detected at line 206
 []

File: images/telecom.png Graphic file (type png)
<use images/telecom.png> [6

 <./images/general_schema_a_crop.pdf> <./images/general_schema_color_crop.pdf>]
File: images/general_schema_a_crop.pdf Graphic file (type pdf)
 <use images/general_schema_a_crop.pdf>
File: images/general_schema_color_crop.pdf Graphic file (type pdf)

<use images/general_schema_color_crop.pdf>

! Package tikz Error: Giving up on this path. Did you forget a semicolon?.

See the tikz package documentation for explanation.
Type  H <return>  for immediate help.
 ...                                              
                                                  
l.206 \end{frame}
                 
(That was another \errmessage.)

Missing character: There is no = in font nullfont!
! You can't use `\lastskip' in restricted horizontal mode.
\@let@token ...{}\beamer@lastskipcover =\lastskip 
                                                  \edef \beamer@lastskiptext...
l.206 \end{frame}
                 
Sorry, but I'm not programmed to handle this case;
I'll just pretend that you didn't ask for it.
If you're in the wrong mode, you might be able to
return to the right one by typing `I}' or `I$' or `I\par'.

Missing character: There is no ; in font nullfont!

Overfull \vbox (5.09656pt too high) detected at line 206
 []

File: images/telecom.png Graphic file (type png)
<use images/telecom.png> [7

] (./midterm_yifan.toc)
<images/flowchart_kb_crop.pdf, id=149, 232.87pt x 257.96375pt>
File: images/flowchart_kb_crop.pdf Graphic file (type pdf)

<use images/flowchart_kb_crop.pdf>
File: images/telecom.png Graphic file (type png)
 <use images/telecom.png> [8

 <./images/flowchart_kb_crop.pdf>]
File: images/cerebrale.png Graphic file (type png)
 <use images/cerebrale.png>
Overfull \vbox (9.53197pt too high) detected at line 239
 []

File: images/telecom.png Graphic file (type png)
<use images/telecom.png> [9

]
File: images/telecom.png Graphic file (type png)
 <use images/telecom.png> [10

]
Overfull \hbox (209.8384pt too wide) in paragraph at lines 309--309
[] 
 []


Overfull \hbox (35.17235pt too wide) in paragraph at lines 309--309
[] 
 []

File: images/cerebrale.png Graphic file (type png)
<use images/cerebrale.png>
Overfull \hbox (12.33154pt too wide) detected at line 309
[][][] $[]$[][][][][][][][] $[]$[][][][][][] 
 []

File: images/telecom.png Graphic file (type png)
<use images/telecom.png> [11

] (./midterm_yifan.toc)
<images/flowchart_sr_crop.pdf, id=195, 232.87pt x 257.96375pt>
File: images/flowchart_sr_crop.pdf Graphic file (type pdf)

<use images/flowchart_sr_crop.pdf>
File: images/telecom.png Graphic file (type png)
 <use images/telecom.png> [12

 <./images/flowchart_sr_crop.pdf>]
File: images/telecom.png Graphic file (type png)
 <use images/telecom.png> [13

]
File: images/telecom.png Graphic file (type png)
 <use images/telecom.png>
[14

]
Overfull \hbox (52.28815pt too wide) in paragraph at lines 409--409
[] 
 []

File: images/cerebrale.png Graphic file (type png)
<use images/cerebrale.png>
Overfull \hbox (15.8579pt too wide) detected at line 409
\OT1/cmss/m/it/10.95 LVl \OMS/cmsy/m/n/10.95 u 9\OT1/cmss/m/it/10.95 isPartOf\O
ML/cmm/m/it/10.95 :\OT1/cmss/m/it/10.95 Hemisphere \OMS/cmsy/m/n/10.95 u \OT1/c
mss/m/n/10.95 (\OMS/cmsy/m/n/10.95 8\OT1/cmss/m/n/10.95 (\OT1/cmss/m/it/10.95 l
eftOf[] \OMS/cmsy/m/n/10.95 u \OT1/cmss/m/it/10.95 closeTo[]\OT1/cmss/m/n/10.95
 )\OML/cmm/m/it/10.95 :\OMS/cmsy/m/n/10.95 :\OT1/cmss/m/it/10.95 CNl \OMS/cmsy/
m/n/10.95 t 8\OT1/cmss/m/it/10.95 isPartOf\OML/cmm/m/it/10.95 :\OMS/cmsy/m/n/10
.95 :\OT1/cmss/m/it/10.95 Brain\OT1/cmss/m/n/10.95 )
 []

File: images/telecom.png Graphic file (type png)
<use images/telecom.png> [15

]
File: images/telecom.png Graphic file (type png)
 <use images/telecom.png> [16

]
File: images/telecom.png Graphic file (type png)

<use images/telecom.png> [17

] (./midterm_yifan.toc)
<images/flowchart_ar_crop.pdf, id=252, 232.87pt x 257.96375pt>
File: images/flowchart_ar_crop.pdf Graphic file (type pdf)

<use images/flowchart_ar_crop.pdf>
File: images/telecom.png Graphic file (type png)
 <use images/telecom.png> [18

 <./images/flowchart_ar_crop.pdf>]
File: images/telecom.png Graphic file (type png)
 <use images/telecom.png> [19

]
Overfull \hbox (251.98067pt too wide) in paragraph at lines 571--571
[] 
 []


Overfull \hbox (144.85362pt too wide) in paragraph at lines 571--571
[] 
 []


Overfull \hbox (42.88885pt too wide) in paragraph at lines 571--571
 [][] 
 []

File: images/cerebrale.png Graphic file (type png)
<use images/cerebrale.png>
Overfull \hbox (69.40396pt too wide) in paragraph at lines 571--571
[] 
 []

File: images/telecom.png Graphic file (type png)
<use images/telecom.png> [20

]
File: images/telecom.png Graphic file (type png)
 <use images/telecom.png> [21

]
File: images/telecom.png Graphic file (type png)

<use images/telecom.png> [22

]
File: images/telecom.png Graphic file (type png)
 <use images/telecom.png> [23

]
<images/flowchart_cp_crop.pdf, id=300, 232.87pt x 257.96375pt>
File: images/flowchart_cp_crop.pdf Graphic file (type pdf)

<use images/flowchart_cp_crop.pdf>
Overfull \vbox (0.38922pt too high) detected at line 699
 []

File: images/telecom.png Graphic file (type png)
<use images/telecom.png> [24

 <./images/flowchart_cp_crop.pdf>]
File: images/telecom.png Graphic file (type png)

<use images/telecom.png> [25

]
Overfull \vbox (9.40001pt too high) detected at line 741
 []

File: images/telecom.png Graphic file (type png)
<use images/telecom.png> [26

]
\tf@nav=\write7
\openout7 = `midterm_yifan.nav'.

\tf@toc=\write8
\openout8 = `midterm_yifan.toc'.

\tf@snm=\write9
\openout9 = `midterm_yifan.snm'.

 (./midterm_yifan.aux)

LaTeX Font Warning: Size substitutions with differences
(Font)              up to 1.0pt have occurred.

Package logreq Info: Writing requests to 'midterm_yifan.run.xml'.
\openout1 = `midterm_yifan.run.xml'.

 ) 
Here is how much of TeX's memory you used:
 26023 strings out of 495061
 516194 string characters out of 1182621
 707293 words of memory out of 3000000
 28518 multiletter control sequences out of 15000+50000
 17433 words of font info for 65 fonts, out of 3000000 for 9000
 28 hyphenation exceptions out of 8191
 50i,18n,74p,819b,1624s stack positions out of 5000i,500n,10000p,200000b,50000s
</usr/share/texmf-texlive/fonts/type1/public/amsfonts/cm/cmmi10.pfb></usr/sha
re/texmf-texlive/fonts/type1/public/amsfonts/cm/cmmi8.pfb></usr/share/texmf-tex
live/fonts/type1/public/amsfonts/cm/cmss10.pfb></usr/share/texmf-texlive/fonts/
type1/public/amsfonts/cm/cmss12.pfb></usr/share/texmf-texlive/fonts/type1/publi
c/amsfonts/cm/cmss8.pfb></usr/share/texmf-texlive/fonts/type1/public/amsfonts/c
m/cmssbx10.pfb></usr/share/texmf-texlive/fonts/type1/public/amsfonts/cm/cmssi10
.pfb></usr/share/texmf-texlive/fonts/type1/public/amsfonts/cm/cmssi12.pfb></usr
/share/texmf-texlive/fonts/type1/public/amsfonts/cm/cmssi8.pfb></usr/share/texm
f-texlive/fonts/type1/public/amsfonts/cm/cmsy10.pfb></usr/share/texmf-texlive/f
onts/type1/public/amsfonts/cm/cmsy8.pfb></usr/share/texmf-texlive/fonts/type1/p
ublic/amsfonts/symbols/msam10.pfb></usr/share/texmf-texlive/fonts/type1/public/
amsfonts/symbols/msbm10.pfb>
Output written on midterm_yifan.pdf (26 pages, 1867897 bytes).
PDF statistics:
 380 PDF objects out of 1000 (max. 8388607)
 59 named destinations out of 1000 (max. 500000)
 213 words of extra memory for PDF output out of 10000 (max. 10000000)

